<?xml version="1.0" encoding="UTF-8"?>
<!-- Generated by org.testng.reporters.JUnitReportReporter -->
<testsuite hostname="SHOMNATH-10953" failures="0" tests="1" name="com.mytests.NotepadTest" time="9.003" errors="0" timestamp="2022-09-16T17:34:02 BDT" skipped="0">
  <testcase classname="com.mytests.NotepadTest" name="enterTimeAndDate" time="9.003"/>
  <system-out/>
</testsuite> <!-- com.mytests.NotepadTest -->
